<?xml version="1.0" encoding="UTF-8"?>
<!-- Generated by org.testng.reporters.JUnitXMLReporter -->
<testsuite hostname="HR-SMOLJANM" name="Test ValidateTitle" tests="1" failures="1" timestamp="13 Mar 2019 08:09:53 GMT" time="25.231" errors="0">
  <testcase name="Validate" time="0.035" classname="Academy.ValidateTitle">
    <failure type="junit.framework.ComparisonFailure" message="expected:&amp;lt;...&amp;gt; but was:&amp;lt;...3213&amp;gt;">
      <![CDATA[junit.framework.ComparisonFailure: expected:<...> but was:<...3213>
	at junit.framework.Assert.assertEquals(Assert.java:81)
	at junit.framework.Assert.assertEquals(Assert.java:87)
	at Academy.ValidateTitle.Validate(ValidateTitle.java:32)
... Removed 24 stack frames]]>
    </failure>
  </testcase> <!-- Validate -->
</testsuite> <!-- Test ValidateTitle -->
