<?xml version="1.0" encoding="UTF-8"?>
<!-- Generated by org.testng.reporters.JUnitXMLReporter -->
<testsuite hostname="HR-SMOLJANM" name="Test" tests="5" failures="0" timestamp="12 Mar 2019 11:18:54 GMT" time="63.431" errors="0">
  <testcase name="basePageNavigation" time="8.714" classname="Academy.HomePage"/>
  <testcase name="basePageNavigation" time="10.293" classname="Academy.HomePage"/>
  <testcase name="ValidateLink" time="0.063" classname="Academy.ValidateContactLink"/>
  <testcase name="Validate" time="0.197" classname="Academy.ValidateTitle"/>
  <testcase name="ValidateTwo" time="0.064" classname="Academy.ValidateTitle"/>
</testsuite> <!-- Test -->
