<?xml version="1.0" encoding="UTF-8"?>
<testng-results skipped="0" failed="1" total="2" passed="1">
  <reporter-output>
  </reporter-output>
  <suite name="Suite" duration-ms="36000" started-at="2019-03-13T08:09:17Z" finished-at="2019-03-13T08:09:53Z">
    <groups>
    </groups>
    <test name="Test ValidateContactLink" duration-ms="10293" started-at="2019-03-13T08:09:17Z" finished-at="2019-03-13T08:09:27Z">
      <class name="Academy.ValidateContactLink">
        <test-method status="PASS" signature="initialize()[pri:0, instance:Academy.ValidateContactLink@35d176f7]" name="initialize" is-config="true" duration-ms="10140" started-at="2019-03-13T09:09:17Z" finished-at="2019-03-13T09:09:27Z">
          <reporter-output>
          </reporter-output>
        </test-method> <!-- initialize -->
        <test-method status="PASS" signature="ValidateLink()[pri:0, instance:Academy.ValidateContactLink@35d176f7]" name="ValidateLink" duration-ms="61" started-at="2019-03-13T09:09:27Z" finished-at="2019-03-13T09:09:27Z">
          <reporter-output>
          </reporter-output>
        </test-method> <!-- ValidateLink -->
        <test-method status="PASS" signature="closeBrowser()[pri:0, instance:Academy.ValidateContactLink@35d176f7]" name="closeBrowser" is-config="true" duration-ms="75" started-at="2019-03-13T09:09:27Z" finished-at="2019-03-13T09:09:27Z">
          <reporter-output>
          </reporter-output>
        </test-method> <!-- closeBrowser -->
      </class> <!-- Academy.ValidateContactLink -->
    </test> <!-- Test ValidateContactLink -->
    <test name="Test ValidateTitle" duration-ms="25231" started-at="2019-03-13T08:09:28Z" finished-at="2019-03-13T08:09:53Z">
      <class name="Academy.ValidateTitle">
        <test-method status="PASS" signature="initialize()[pri:0, instance:Academy.ValidateTitle@9660f4e]" name="initialize" is-config="true" duration-ms="24483" started-at="2019-03-13T09:09:28Z" finished-at="2019-03-13T09:09:52Z">
          <reporter-output>
          </reporter-output>
        </test-method> <!-- initialize -->
        <test-method status="FAIL" signature="Validate()[pri:0, instance:Academy.ValidateTitle@9660f4e]" name="Validate" duration-ms="35" started-at="2019-03-13T09:09:52Z" finished-at="2019-03-13T09:09:52Z">
          <exception class="junit.framework.ComparisonFailure">
            <message>
              <![CDATA[expected:<...> but was:<...3213>]]>
            </message>
            <full-stacktrace>
              <![CDATA[junit.framework.ComparisonFailure: expected:<...> but was:<...3213>
	at junit.framework.Assert.assertEquals(Assert.java:81)
	at junit.framework.Assert.assertEquals(Assert.java:87)
	at Academy.ValidateTitle.Validate(ValidateTitle.java:32)
	at sun.reflect.NativeMethodAccessorImpl.invoke0(Native Method)
	at sun.reflect.NativeMethodAccessorImpl.invoke(Unknown Source)
	at sun.reflect.DelegatingMethodAccessorImpl.invoke(Unknown Source)
	at java.lang.reflect.Method.invoke(Unknown Source)
	at org.testng.internal.MethodInvocationHelper.invokeMethod(MethodInvocationHelper.java:86)
	at org.testng.internal.Invoker.invokeMethod(Invoker.java:645)
	at org.testng.internal.Invoker.invokeTestMethod(Invoker.java:822)
	at org.testng.internal.Invoker.invokeTestMethods(Invoker.java:1130)
	at org.testng.internal.TestMethodWorker.invokeTestMethods(TestMethodWorker.java:129)
	at org.testng.internal.TestMethodWorker.run(TestMethodWorker.java:112)
	at org.testng.TestRunner.privateRun(TestRunner.java:782)
	at org.testng.TestRunner.run(TestRunner.java:632)
	at org.testng.SuiteRunner.runTest(SuiteRunner.java:366)
	at org.testng.SuiteRunner.runSequentially(SuiteRunner.java:361)
	at org.testng.SuiteRunner.privateRun(SuiteRunner.java:319)
	at org.testng.SuiteRunner.run(SuiteRunner.java:268)
	at org.testng.SuiteRunnerWorker.runSuite(SuiteRunnerWorker.java:52)
	at org.testng.SuiteRunnerWorker.run(SuiteRunnerWorker.java:86)
	at org.testng.TestNG.runSuitesSequentially(TestNG.java:1244)
	at org.testng.TestNG.runSuitesLocally(TestNG.java:1169)
	at org.testng.TestNG.run(TestNG.java:1064)
	at org.testng.remote.RemoteTestNG.run(RemoteTestNG.java:113)
	at org.testng.remote.RemoteTestNG.initAndRun(RemoteTestNG.java:206)
	at org.testng.remote.RemoteTestNG.main(RemoteTestNG.java:177)
]]>
            </full-stacktrace>
          </exception> <!-- junit.framework.ComparisonFailure -->
          <reporter-output>
          </reporter-output>
        </test-method> <!-- Validate -->
        <test-method status="PASS" signature="closeBrowser()[pri:0, instance:Academy.ValidateTitle@9660f4e]" name="closeBrowser" is-config="true" duration-ms="68" started-at="2019-03-13T09:09:53Z" finished-at="2019-03-13T09:09:53Z">
          <reporter-output>
          </reporter-output>
        </test-method> <!-- closeBrowser -->
      </class> <!-- Academy.ValidateTitle -->
    </test> <!-- Test ValidateTitle -->
  </suite> <!-- Suite -->
</testng-results>
